[22:28:11] [Client thread/INFO]: Setting user: Player198
[22:28:14] [Client thread/WARN]: Skipping bad option: lastServer:
[22:28:14] [Client thread/INFO]: LWJGL Version: 2.9.4
[22:28:17] [Client thread/INFO]: Reloading ResourceManager: Default, FMLFileResourcePack:Forge Mod Loader, FMLFileResourcePack:Minecraft Forge, FMLFileResourcePack:Nevyn's Superhero Mod
[22:28:19] [Sound Library Loader/INFO]: Starting up SoundSystem...
[22:28:19] [Thread-8/INFO]: Initializing LWJGL OpenAL
[22:28:19] [Thread-8/INFO]: (The LWJGL binding of OpenAL.  For more information, see http://www.lwjgl.org)
[22:28:19] [Thread-8/INFO]: OpenAL initialized.
[22:28:19] [Sound Library Loader/INFO]: Sound engine started
[22:28:22] [Client thread/INFO]: Created: 16x16 textures-atlas
[22:28:23] [Client thread/INFO]: Reloading ResourceManager: Default, FMLFileResourcePack:Forge Mod Loader, FMLFileResourcePack:Minecraft Forge, FMLFileResourcePack:Nevyn's Superhero Mod
[22:28:25] [Client thread/INFO]: SoundSystem shutting down...
[22:28:25] [Client thread/WARN]: Author: Paul Lamb, www.paulscode.com
[22:28:25] [Sound Library Loader/INFO]: Starting up SoundSystem...
[22:28:26] [Thread-10/INFO]: Initializing LWJGL OpenAL
[22:28:26] [Thread-10/INFO]: (The LWJGL binding of OpenAL.  For more information, see http://www.lwjgl.org)
[22:28:26] [Thread-10/INFO]: OpenAL initialized.
[22:28:26] [Sound Library Loader/INFO]: Sound engine started
[22:28:28] [Client thread/INFO]: Created: 512x512 textures-atlas
[22:28:28] [Client thread/WARN]: Skipping bad option: lastServer:
[22:28:29] [Realms Notification Availability checker #1/INFO]: Could not authorize you against Realms server: Invalid session id
[22:28:33] [Server thread/INFO]: Starting integrated minecraft server version 1.10.2
[22:28:33] [Server thread/INFO]: Generating keypair
[22:28:34] [Server thread/INFO]: Preparing start region for level 0
[22:28:35] [Server thread/INFO]: Preparing spawn area: 84%
[22:28:35] [Server thread/INFO]: Changing view distance to 12, from 10
[22:28:36] [Server thread/INFO]: Player198[local:E:84d99b56] logged in with entity id 346 at (119.87393459678323, 71.0, 307.89596777077963)
[22:28:36] [Server thread/INFO]: Player198 joined the game
[22:28:37] [Server thread/INFO]: Saving and pausing game...
[22:28:37] [Server thread/INFO]: Saving chunks for level 'New World'/Overworld
[22:28:37] [Server thread/INFO]: Saving chunks for level 'New World'/Nether
[22:28:37] [pool-2-thread-1/WARN]: Couldn't look up profile properties for com.mojang.authlib.GameProfile@7d48c71f[id=26d3a8a7-c365-3f1b-98bd-1e86d16aa724,name=Player198,properties={},legacy=false]
com.mojang.authlib.exceptions.AuthenticationException: The client has sent too many requests within a certain amount of time
	at com.mojang.authlib.yggdrasil.YggdrasilAuthenticationService.makeRequest(YggdrasilAuthenticationService.java:65) ~[YggdrasilAuthenticationService.class:?]
	at com.mojang.authlib.yggdrasil.YggdrasilMinecraftSessionService.fillGameProfile(YggdrasilMinecraftSessionService.java:175) [YggdrasilMinecraftSessionService.class:?]
	at com.mojang.authlib.yggdrasil.YggdrasilMinecraftSessionService$1.load(YggdrasilMinecraftSessionService.java:59) [YggdrasilMinecraftSessionService$1.class:?]
	at com.mojang.authlib.yggdrasil.YggdrasilMinecraftSessionService$1.load(YggdrasilMinecraftSessionService.java:56) [YggdrasilMinecraftSessionService$1.class:?]
	at com.google.common.cache.LocalCache$LoadingValueReference.loadFuture(LocalCache.java:3524) [guava-17.0.jar:?]
	at com.google.common.cache.LocalCache$Segment.loadSync(LocalCache.java:2317) [guava-17.0.jar:?]
	at com.google.common.cache.LocalCache$Segment.lockedGetOrLoad(LocalCache.java:2280) [guava-17.0.jar:?]
	at com.google.common.cache.LocalCache$Segment.get(LocalCache.java:2195) [guava-17.0.jar:?]
	at com.google.common.cache.LocalCache.get(LocalCache.java:3934) [guava-17.0.jar:?]
	at com.google.common.cache.LocalCache.getOrLoad(LocalCache.java:3938) [guava-17.0.jar:?]
	at com.google.common.cache.LocalCache$LocalLoadingCache.get(LocalCache.java:4821) [guava-17.0.jar:?]
	at com.google.common.cache.LocalCache$LocalLoadingCache.getUnchecked(LocalCache.java:4827) [guava-17.0.jar:?]
	at com.mojang.authlib.yggdrasil.YggdrasilMinecraftSessionService.fillProfileProperties(YggdrasilMinecraftSessionService.java:165) [YggdrasilMinecraftSessionService.class:?]
	at net.minecraft.client.Minecraft.getProfileProperties(Minecraft.java:3060) [Minecraft.class:?]
	at net.minecraft.client.resources.SkinManager$3.run(SkinManager.java:131) [SkinManager$3.class:?]
	at java.util.concurrent.Executors$RunnableAdapter.call(Unknown Source) [?:1.8.0_121]
	at java.util.concurrent.FutureTask.run(Unknown Source) [?:1.8.0_121]
	at java.util.concurrent.ThreadPoolExecutor.runWorker(Unknown Source) [?:1.8.0_121]
	at java.util.concurrent.ThreadPoolExecutor$Worker.run(Unknown Source) [?:1.8.0_121]
	at java.lang.Thread.run(Unknown Source) [?:1.8.0_121]
[22:28:37] [Server thread/INFO]: Saving chunks for level 'New World'/The End
[22:28:37] [Server thread/INFO]: Saving and pausing game...
[22:28:37] [Server thread/INFO]: Saving chunks for level 'New World'/Overworld
[22:28:37] [Server thread/INFO]: Saving chunks for level 'New World'/Nether
[22:28:37] [Server thread/INFO]: Saving chunks for level 'New World'/The End
[22:28:45] [Server thread/INFO]: Player198 has just earned the achievement [Taking Inventory]
[22:28:45] [Client thread/INFO]: [CHAT] Player198 has just earned the achievement [Taking Inventory]
[22:29:17] [Server thread/INFO]: [Player198: Set the time to 1000]
[22:29:17] [Client thread/INFO]: [CHAT] Set the time to 1000
[22:29:23] [Client thread/INFO]: [CHAT] doDaylightCycle, doEntityDrops, doFireTick, doMobLoot, doMobSpawning, doTileDrops
[22:29:25] [Server thread/INFO]: [Player198: Game rule doDaylightCycle has been updated to false]
[22:29:25] [Client thread/INFO]: [CHAT] Game rule doDaylightCycle has been updated to false
[22:30:23] [Server thread/INFO]: [Player198: Set game difficulty to Peaceful]
[22:30:23] [Client thread/INFO]: [CHAT] Set game difficulty to Peaceful
[22:34:59] [Server thread/INFO]: Saving and pausing game...
[22:34:59] [Server thread/INFO]: Saving chunks for level 'New World'/Overworld
[22:35:00] [Server thread/INFO]: Saving chunks for level 'New World'/Nether
[22:35:00] [Server thread/INFO]: Saving chunks for level 'New World'/The End
[22:35:28] [Server thread/INFO]: Saving and pausing game...
[22:35:28] [Server thread/INFO]: Saving chunks for level 'New World'/Overworld
[22:35:28] [Server thread/INFO]: Saving chunks for level 'New World'/Nether
[22:35:28] [Server thread/INFO]: Saving chunks for level 'New World'/The End
[22:35:40] [Server thread/INFO]: Saving and pausing game...
[22:35:40] [Server thread/INFO]: Saving chunks for level 'New World'/Overworld
[22:35:40] [Server thread/INFO]: Saving chunks for level 'New World'/Nether
[22:35:40] [Server thread/INFO]: Saving chunks for level 'New World'/The End
[22:35:56] [Server thread/INFO]: Saving and pausing game...
[22:35:56] [Server thread/INFO]: Saving chunks for level 'New World'/Overworld
[22:35:56] [Server thread/INFO]: Saving chunks for level 'New World'/Nether
[22:35:56] [Server thread/INFO]: Saving chunks for level 'New World'/The End
[22:36:06] [Server thread/INFO]: Saving and pausing game...
[22:36:06] [Server thread/INFO]: Saving chunks for level 'New World'/Overworld
[22:36:07] [Server thread/INFO]: Saving chunks for level 'New World'/Nether
[22:36:07] [Server thread/INFO]: Saving chunks for level 'New World'/The End
[22:36:31] [Server thread/INFO]: Saving and pausing game...
[22:36:31] [Server thread/INFO]: Saving chunks for level 'New World'/Overworld
[22:36:31] [Server thread/INFO]: Saving chunks for level 'New World'/Nether
[22:36:31] [Server thread/INFO]: Saving chunks for level 'New World'/The End
