[23:03:40] [Client thread/INFO]: Setting user: Player463
[23:03:43] [Client thread/WARN]: Skipping bad option: lastServer:
[23:03:43] [Client thread/INFO]: LWJGL Version: 2.9.4
[23:03:46] [Client thread/INFO]: Reloading ResourceManager: Default, FMLFileResourcePack:Forge Mod Loader, FMLFileResourcePack:Minecraft Forge, FMLFileResourcePack:Nevyn's Superhero Mod
[23:03:48] [Sound Library Loader/INFO]: Starting up SoundSystem...
[23:03:49] [Thread-8/INFO]: Initializing LWJGL OpenAL
[23:03:49] [Thread-8/INFO]: (The LWJGL binding of OpenAL.  For more information, see http://www.lwjgl.org)
[23:03:49] [Thread-8/INFO]: OpenAL initialized.
[23:03:49] [Sound Library Loader/INFO]: Sound engine started
[23:03:52] [Client thread/INFO]: Created: 16x16 textures-atlas
[23:03:53] [Client thread/INFO]: Reloading ResourceManager: Default, FMLFileResourcePack:Forge Mod Loader, FMLFileResourcePack:Minecraft Forge, FMLFileResourcePack:Nevyn's Superhero Mod
[23:03:55] [Client thread/INFO]: SoundSystem shutting down...
[23:03:55] [Client thread/WARN]: Author: Paul Lamb, www.paulscode.com
[23:03:55] [Sound Library Loader/INFO]: Starting up SoundSystem...
[23:03:55] [Thread-10/INFO]: Initializing LWJGL OpenAL
[23:03:55] [Thread-10/INFO]: (The LWJGL binding of OpenAL.  For more information, see http://www.lwjgl.org)
[23:03:55] [Thread-10/INFO]: OpenAL initialized.
[23:03:56] [Sound Library Loader/INFO]: Sound engine started
[23:03:58] [Client thread/INFO]: Created: 512x512 textures-atlas
[23:03:59] [Client thread/WARN]: Skipping bad option: lastServer:
[23:03:59] [Realms Notification Availability checker #1/INFO]: Could not authorize you against Realms server: Invalid session id
